From 5216b158798073228eb5788179a643ff6362e7e4 Mon Sep 17 00:00:00 2001
From: Dad Cloud <edgargaxiola16@icloud.com>
Date: Sun, 24 May 2020 10:07:07 -0700
Subject: [PATCH] PRIVATE

---
 e57a00e9-30d8-4c8c-b5ff-0629db4e0404.txt | 15 +++++++++++++++
 1 file changed, 15 insertions(+)
 create mode 100644 e57a00e9-30d8-4c8c-b5ff-0629db4e0404.txt

diff --git a/e57a00e9-30d8-4c8c-b5ff-0629db4e0404.txt b/e57a00e9-30d8-4c8c-b5ff-0629db4e0404.txt
new file mode 100644
index 0000000..adfe6d5
--- /dev/null
+++ b/e57a00e9-30d8-4c8c-b5ff-0629db4e0404.txt
@@ -0,0 +1,15 @@
+-----BEGIN RSA PRIVATE KEY-----
+MIICXgIBAAKBgQDTJPFgb2Fsbz9+9NQzZcTf3zPYFoKv8GOKrKGNWvBT+AEl2q24
+/GeYzDf2LP7GhfG8mqDaroGDpdj/I7aXGae53Ii2JGN7pQvUVXFfaAHS+JwC6FSv
+k8j/gS5xRm4n8wKmkNNnUrNsfoc+bWRGBLd+HAzoa+srIcHk9+6mkNkoPQIDAQAB
+AoGBALg60L3DEW+Ktg1xVEIwdxKbb2IJaihXiJM0Q5XSFkY968p6vv/chAwHjICp
+C/huYNme1eFZSDp1GByurZ+zy+rBv1aGoDIQZddk/UtNPfEMRcB9BBKFMmWbKtsP
+u/++GVI2/tMbMq3m/NtJSeIyusiQoKgVSaolBtrn7R9lg3GlAkEA/rnCog2rqDC4
+rxrbSQ7qocHJ4vvu9EAwVVgISbh/leEj+JbGCGWJw24+C2R8jElbn3Me2FWX0m49
+Gkr8OvsqqwJBANQzXafP7K6EDVDM0fZI1J9LFv0myvWDRbPQwmDbSJOZuu4UkhiA
+DGKPWtm2x96UJXiPxiN2a0d6ljXFQ0Ho+LcCQFQ4zV7RkFFDEr1q7thgIzoqnfr7
++80ssA531f2yEBVZZJBcIcxC7mL8v2z646dq1e2Jncg/vLwqEO/xnSZPR5MCQQDK
+cD5267vGOaBiZyQfKxf856wE0k9prVR/2Ta3JDu25EAbBXDjArXOCSkI7oD67KZa
+v/6ssjpiNKa8oXYqmNE9AkEAuBxYARJgAAA0Gdx2yBBvJzxHdRwdDOUYiIuk+Ylg
+96lOXaK4HmJ8yYatKoe9R0qTMwbvH+UgtlTYH4nIlnHbAA==
+-----END RSA PRIVATE KEY-----
\ No newline at end of file
--
Working Copy 4.2.4